2026-06-11 06:16:36.779 [http-nio-8080-exec-5] DEBUG o.s.security.web.FilterChainProxy - Securing OPTIONS /api/v1/products/1
2026-06-11 06:16:36.805 [http-nio-8080-exec-10] DEBUG o.s.security.web.FilterChainProxy - Securing GET /api/v1/products/1
2026-06-11 06:16:36.807 [http-nio-8080-exec-10] DEBUG o.s.security.web.FilterChainProxy - Secured GET /api/v1/products/1
2026-06-11 06:16:36.833 [http-nio-8080-exec-10] DEBUG o.s.s.w.a.AnonymousAuthenticationFilter - Set SecurityContextHolder to anonymous SecurityContext
2026-06-11 06:16:39.549 [http-nio-8080-exec-6] DEBUG o.s.security.web.FilterChainProxy - Securing OPTIONS /api/v1/products?keyword=&category_id=0&page=0&limit=12
2026-06-11 06:16:39.551 [http-nio-8080-exec-9] DEBUG o.s.security.web.FilterChainProxy - Securing OPTIONS /api/v1/categories?page=1&limit=100
2026-06-11 06:16:39.555 [http-nio-8080-exec-6] DEBUG o.s.security.web.FilterChainProxy - Securing GET /api/v1/categories?page=1&limit=100
2026-06-11 06:16:39.557 [http-nio-8080-exec-6] DEBUG o.s.security.web.FilterChainProxy - Secured GET /api/v1/categories?page=1&limit=100
2026-06-11 06:16:39.558 [http-nio-8080-exec-2] DEBUG o.s.security.web.FilterChainProxy - Securing GET /api/v1/products?keyword=&category_id=0&page=0&limit=12
2026-06-11 06:16:39.560 [http-nio-8080-exec-2] DEBUG o.s.security.web.FilterChainProxy - Secured GET /api/v1/products?keyword=&category_id=0&page=0&limit=12
2026-06-11 06:16:39.563 [http-nio-8080-exec-2] INFO  c.p.s.controllers.ProductController - keyword = , category_id = 0, page = 0, limit = 12
2026-06-11 06:16:39.571 [http-nio-8080-exec-6] DEBUG o.s.s.w.a.AnonymousAuthenticationFilter - Set SecurityContextHolder to anonymous SecurityContext
2026-06-11 06:16:39.619 [http-nio-8080-exec-2] DEBUG o.s.s.w.a.AnonymousAuthenticationFilter - Set SecurityContextHolder to anonymous SecurityContext
2026-06-11 06:16:49.067 [SpringApplicationShutdownHook] INFO  o.s.o.j.LocalContainerEntityManagerFactoryBean - Closing JPA EntityManagerFactory for persistence unit 'default'
2026-06-11 06:16:49.088 [SpringApplicationShutdownHook] INFO  com.zaxxer.hikari.HikariDataSource - HikariPool-1 - Shutdown initiated...
2026-06-11 06:16:49.102 [SpringApplicationShutdownHook] INFO  com.zaxxer.hikari.HikariDataSource - HikariPool-1 - Shutdown completed.
2026-06-11 06:16:55.148 [background-preinit] INFO  o.h.validator.internal.util.Version - HV000001: Hibernate Validator 8.0.1.Final
2026-06-11 06:16:55.238 [main] INFO  c.project.shopapp.ShopappApplication - Starting ShopappApplication using Java 17.0.18 with PID 27316 (E:\Downloads\New folder (2)\ShopAppProject-Angular\ShopApp-Backend\shopapp\shopapp\target\classes started by hieut in E:\Downloads\New folder (2)\ShopAppProject-Angular)
2026-06-11 06:16:55.242 [main] INFO  c.project.shopapp.ShopappApplication - No active profile set, falling back to 1 default profile: "default"
2026-06-11 06:16:56.696 [main] INFO  o.s.d.r.c.RepositoryConfigurationDelegate - Bootstrapping Spring Data JPA repositories in DEFAULT mode.
2026-06-11 06:16:56.843 [main] INFO  o.s.d.r.c.RepositoryConfigurationDelegate - Finished Spring Data repository scanning in 132 ms. Found 7 JPA repository interfaces.
2026-06-11 06:16:58.043 [main] INFO  o.s.b.w.e.tomcat.TomcatWebServer - Tomcat initialized with port 8080 (http)
2026-06-11 06:16:58.061 [main] INFO  o.a.coyote.http11.Http11NioProtocol - Initializing ProtocolHandler ["http-nio-8080"]
2026-06-11 06:16:58.067 [main] INFO  o.a.catalina.core.StandardService - Starting service [Tomcat]
2026-06-11 06:16:58.067 [main] INFO  o.a.catalina.core.StandardEngine - Starting Servlet engine: [Apache Tomcat/10.1.18]
2026-06-11 06:16:58.172 [main] INFO  o.a.c.c.C.[Tomcat].[localhost].[/] - Initializing Spring embedded WebApplicationContext
2026-06-11 06:16:58.175 [main] INFO  o.s.b.w.s.c.ServletWebServerApplicationContext - Root WebApplicationContext: initialization completed in 2845 ms
2026-06-11 06:16:58.414 [main] INFO  o.h.jpa.internal.util.LogHelper - HHH000204: Processing PersistenceUnitInfo [name: default]
2026-06-11 06:16:58.510 [main] INFO  org.hibernate.Version - HHH000412: Hibernate ORM core version 6.4.1.Final
2026-06-11 06:16:58.576 [main] INFO  o.h.c.i.RegionFactoryInitiator - HHH000026: Second-level cache disabled
2026-06-11 06:16:58.953 [main] INFO  o.s.o.j.p.SpringPersistenceUnitInfo - No LoadTimeWeaver setup: ignoring JPA class transformer
2026-06-11 06:16:59.001 [main] INFO  com.zaxxer.hikari.HikariDataSource - HikariPool-1 - Starting...
2026-06-11 06:16:59.239 [main] INFO  com.zaxxer.hikari.pool.HikariPool - HikariPool-1 - Added connection com.mysql.cj.jdbc.ConnectionImpl@79cdf2d4
2026-06-11 06:16:59.242 [main] INFO  com.zaxxer.hikari.HikariDataSource - HikariPool-1 - Start completed.
2026-06-11 06:16:59.328 [main] WARN  org.hibernate.dialect.Dialect - HHH000511: The 5.5.0 version for [org.hibernate.dialect.MySQLDialect] is no longer supported, hence certain features may not work properly. The minimum supported version is 8.0.0. Check the community dialects project for available legacy versions.
2026-06-11 06:17:00.734 [main] INFO  o.h.e.t.j.p.i.JtaPlatformInitiator - HHH000489: No JTA platform available (set 'hibernate.transaction.jta.platform' to enable JTA platform integration)
2026-06-11 06:17:00.737 [main] INFO  o.s.o.j.LocalContainerEntityManagerFactoryBean - Initialized JPA EntityManagerFactory for persistence unit 'default'
2026-06-11 06:17:01.228 [main] WARN  o.s.b.a.o.j.JpaBaseConfiguration$JpaWebConfiguration - spring.jpa.open-in-view is enabled by default. Therefore, database queries may be performed during view rendering. Explicitly configure spring.jpa.open-in-view to disable this warning
2026-06-11 06:17:01.375 [main] INFO  o.s.d.j.r.query.QueryEnhancerFactory - Hibernate is in classpath; If applicable, HQL parser will be used.
2026-06-11 06:17:02.569 [main] INFO  o.s.s.web.DefaultSecurityFilterChain - Will secure any request with [org.springframework.security.web.session.DisableEncodeUrlFilter@7555782c, org.springframework.security.web.context.request.async.WebAsyncManagerIntegrationFilter@3aca7082, org.springframework.security.web.context.SecurityContextHolderFilter@17bda3, org.springframework.security.web.header.HeaderWriterFilter@7dc779bb, org.springframework.web.filter.CorsFilter@72b92ce6, org.springframework.security.web.authentication.logout.LogoutFilter@77422a9f, com.project.shopapp.filters.JwtTokenFilter@3549c070, org.springframework.security.web.savedrequest.RequestCacheAwareFilter@45e1d6a5, org.springframework.security.web.servletapi.SecurityContextHolderAwareRequestFilter@60df0131, org.springframework.security.web.authentication.AnonymousAuthenticationFilter@31ebc5fa, org.springframework.security.web.access.ExceptionTranslationFilter@14aeb8e6, org.springframework.security.web.access.intercept.AuthorizationFilter@479885d]
2026-06-11 06:17:02.922 [main] INFO  o.a.coyote.http11.Http11NioProtocol - Starting ProtocolHandler ["http-nio-8080"]
2026-06-11 06:17:02.953 [main] INFO  o.s.b.w.e.tomcat.TomcatWebServer - Tomcat started on port 8080 (http) with context path ''
2026-06-11 06:17:02.965 [main] INFO  c.project.shopapp.ShopappApplication - Started ShopappApplication in 8.465 seconds (process running for 9.645)
2026-06-11 06:17:10.178 [http-nio-8080-exec-1] INFO  o.a.c.c.C.[Tomcat].[localhost].[/] - Initializing Spring DispatcherServlet 'dispatcherServlet'
2026-06-11 06:17:10.179 [http-nio-8080-exec-1] INFO  o.s.web.servlet.DispatcherServlet - Initializing Servlet 'dispatcherServlet'
2026-06-11 06:17:10.182 [http-nio-8080-exec-1] INFO  o.s.web.servlet.DispatcherServlet - Completed initialization in 3 ms
2026-06-11 06:17:10.221 [http-nio-8080-exec-2] DEBUG o.s.security.web.FilterChainProxy - Securing OPTIONS /api/v1/categories?page=1&limit=100
2026-06-11 06:17:10.221 [http-nio-8080-exec-1] DEBUG o.s.security.web.FilterChainProxy - Securing OPTIONS /api/v1/products?keyword=&category_id=0&page=0&limit=12
2026-06-11 06:17:10.266 [http-nio-8080-exec-3] DEBUG o.s.security.web.FilterChainProxy - Securing GET /api/v1/products?keyword=&category_id=0&page=0&limit=12
2026-06-11 06:17:10.267 [http-nio-8080-exec-4] DEBUG o.s.security.web.FilterChainProxy - Securing GET /api/v1/categories?page=1&limit=100
2026-06-11 06:17:10.278 [http-nio-8080-exec-4] DEBUG o.s.security.web.FilterChainProxy - Secured GET /api/v1/categories?page=1&limit=100
2026-06-11 06:17:10.278 [http-nio-8080-exec-3] DEBUG o.s.security.web.FilterChainProxy - Secured GET /api/v1/products?keyword=&category_id=0&page=0&limit=12
2026-06-11 06:17:10.340 [http-nio-8080-exec-3] INFO  c.p.s.controllers.ProductController - keyword = , category_id = 0, page = 0, limit = 12
2026-06-11 06:17:10.604 [http-nio-8080-exec-4] DEBUG o.s.s.w.a.AnonymousAuthenticationFilter - Set SecurityContextHolder to anonymous SecurityContext
2026-06-11 06:17:10.651 [http-nio-8080-exec-3] DEBUG o.s.s.w.a.AnonymousAuthenticationFilter - Set SecurityContextHolder to anonymous SecurityContext
2026-06-11 06:22:16.736 [http-nio-8080-exec-7] DEBUG o.s.security.web.FilterChainProxy - Securing OPTIONS /api/v1/categories?page=1&limit=100
2026-06-11 06:22:16.775 [http-nio-8080-exec-8] DEBUG o.s.security.web.FilterChainProxy - Securing OPTIONS /api/v1/products?keyword=&category_id=0&page=0&limit=12
2026-06-11 06:22:16.846 [http-nio-8080-exec-9] DEBUG o.s.security.web.FilterChainProxy - Securing GET /api/v1/products?keyword=&category_id=0&page=0&limit=12
2026-06-11 06:22:16.846 [http-nio-8080-exec-10] DEBUG o.s.security.web.FilterChainProxy - Securing GET /api/v1/categories?page=1&limit=100
2026-06-11 06:22:16.868 [http-nio-8080-exec-10] DEBUG o.s.security.web.FilterChainProxy - Secured GET /api/v1/categories?page=1&limit=100
2026-06-11 06:22:16.868 [http-nio-8080-exec-9] DEBUG o.s.security.web.FilterChainProxy - Secured GET /api/v1/products?keyword=&category_id=0&page=0&limit=12
2026-06-11 06:22:16.975 [http-nio-8080-exec-9] INFO  c.p.s.controllers.ProductController - keyword = , category_id = 0, page = 0, limit = 12
2026-06-11 06:22:17.217 [http-nio-8080-exec-10] DEBUG o.s.s.w.a.AnonymousAuthenticationFilter - Set SecurityContextHolder to anonymous SecurityContext
2026-06-11 06:22:17.298 [http-nio-8080-exec-9] DEBUG o.s.s.w.a.AnonymousAuthenticationFilter - Set SecurityContextHolder to anonymous SecurityContext
2026-06-11 06:22:23.088 [SpringApplicationShutdownHook] INFO  o.s.o.j.LocalContainerEntityManagerFactoryBean - Closing JPA EntityManagerFactory for persistence unit 'default'
2026-06-11 06:22:23.118 [SpringApplicationShutdownHook] INFO  com.zaxxer.hikari.HikariDataSource - HikariPool-1 - Shutdown initiated...
2026-06-11 06:22:23.183 [SpringApplicationShutdownHook] INFO  com.zaxxer.hikari.HikariDataSource - HikariPool-1 - Shutdown completed.
2026-06-11 06:22:27.218 [background-preinit] INFO  o.h.validator.internal.util.Version - HV000001: Hibernate Validator 8.0.1.Final
2026-06-11 06:22:27.309 [main] INFO  c.project.shopapp.ShopappApplication - Starting ShopappApplication using Java 17.0.18 with PID 21984 (E:\Downloads\New folder (2)\ShopAppProject-Angular\ShopApp-Backend\shopapp\shopapp\target\classes started by hieut in E:\Downloads\New folder (2)\ShopAppProject-Angular)
2026-06-11 06:22:27.311 [main] INFO  c.project.shopapp.ShopappApplication - No active profile set, falling back to 1 default profile: "default"
2026-06-11 06:22:28.961 [main] INFO  o.s.d.r.c.RepositoryConfigurationDelegate - Bootstrapping Spring Data JPA repositories in DEFAULT mode.
2026-06-11 06:22:29.125 [main] INFO  o.s.d.r.c.RepositoryConfigurationDelegate - Finished Spring Data repository scanning in 147 ms. Found 7 JPA repository interfaces.
2026-06-11 06:22:30.579 [main] INFO  o.s.b.w.e.tomcat.TomcatWebServer - Tomcat initialized with port 8080 (http)
2026-06-11 06:22:30.602 [main] INFO  o.a.coyote.http11.Http11NioProtocol - Initializing ProtocolHandler ["http-nio-8080"]
2026-06-11 06:22:30.609 [main] INFO  o.a.catalina.core.StandardService - Starting service [Tomcat]
2026-06-11 06:22:30.610 [main] INFO  o.a.catalina.core.StandardEngine - Starting Servlet engine: [Apache Tomcat/10.1.18]
2026-06-11 06:22:30.908 [main] INFO  o.a.c.c.C.[Tomcat].[localhost].[/] - Initializing Spring embedded WebApplicationContext
2026-06-11 06:22:30.919 [main] INFO  o.s.b.w.s.c.ServletWebServerApplicationContext - Root WebApplicationContext: initialization completed in 3495 ms
2026-06-11 06:22:31.167 [main] INFO  o.h.jpa.internal.util.LogHelper - HHH000204: Processing PersistenceUnitInfo [name: default]
2026-06-11 06:22:31.290 [main] INFO  org.hibernate.Version - HHH000412: Hibernate ORM core version 6.4.1.Final
2026-06-11 06:22:31.385 [main] INFO  o.h.c.i.RegionFactoryInitiator - HHH000026: Second-level cache disabled
2026-06-11 06:22:31.912 [main] INFO  o.s.o.j.p.SpringPersistenceUnitInfo - No LoadTimeWeaver setup: ignoring JPA class transformer
2026-06-11 06:22:31.965 [main] INFO  com.zaxxer.hikari.HikariDataSource - HikariPool-1 - Starting...
2026-06-11 06:22:32.236 [main] INFO  com.zaxxer.hikari.pool.HikariPool - HikariPool-1 - Added connection com.mysql.cj.jdbc.ConnectionImpl@7198ab9a
2026-06-11 06:22:32.239 [main] INFO  com.zaxxer.hikari.HikariDataSource - HikariPool-1 - Start completed.
2026-06-11 06:22:32.332 [main] WARN  org.hibernate.dialect.Dialect - HHH000511: The 5.5.0 version for [org.hibernate.dialect.MySQLDialect] is no longer supported, hence certain features may not work properly. The minimum supported version is 8.0.0. Check the community dialects project for available legacy versions.
2026-06-11 06:22:33.901 [main] INFO  o.h.e.t.j.p.i.JtaPlatformInitiator - HHH000489: No JTA platform available (set 'hibernate.transaction.jta.platform' to enable JTA platform integration)
2026-06-11 06:22:33.904 [main] INFO  o.s.o.j.LocalContainerEntityManagerFactoryBean - Initialized JPA EntityManagerFactory for persistence unit 'default'
2026-06-11 06:22:34.422 [main] WARN  o.s.b.a.o.j.JpaBaseConfiguration$JpaWebConfiguration - spring.jpa.open-in-view is enabled by default. Therefore, database queries may be performed during view rendering. Explicitly configure spring.jpa.open-in-view to disable this warning
2026-06-11 06:22:34.573 [main] INFO  o.s.d.j.r.query.QueryEnhancerFactory - Hibernate is in classpath; If applicable, HQL parser will be used.
2026-06-11 06:22:36.249 [main] INFO  o.s.s.web.DefaultSecurityFilterChain - Will secure any request with [org.springframework.security.web.session.DisableEncodeUrlFilter@37736bf1, org.springframework.security.web.context.request.async.WebAsyncManagerIntegrationFilter@2a7c82e, org.springframework.security.web.context.SecurityContextHolderFilter@fafbc63, org.springframework.security.web.header.HeaderWriterFilter@43e869ea, org.springframework.web.filter.CorsFilter@22128b73, org.springframework.security.web.authentication.logout.LogoutFilter@5de25642, com.project.shopapp.filters.JwtTokenFilter@7c816f46, org.springframework.security.web.savedrequest.RequestCacheAwareFilter@391720c3, org.springframework.security.web.servletapi.SecurityContextHolderAwareRequestFilter@6559f04e, org.springframework.security.web.authentication.AnonymousAuthenticationFilter@338f9bb5, org.springframework.security.web.access.ExceptionTranslationFilter@60df0131, org.springframework.security.web.access.intercept.AuthorizationFilter@3d63becf]
2026-06-11 06:22:36.829 [main] INFO  o.a.coyote.http11.Http11NioProtocol - Starting ProtocolHandler ["http-nio-8080"]
2026-06-11 06:22:36.865 [main] INFO  o.s.b.w.e.tomcat.TomcatWebServer - Tomcat started on port 8080 (http) with context path ''
2026-06-11 06:22:36.878 [main] INFO  c.project.shopapp.ShopappApplication - Started ShopappApplication in 10.321 seconds (process running for 11.367)
2026-06-11 06:22:37.031 [http-nio-8080-exec-2] INFO  o.a.c.c.C.[Tomcat].[localhost].[/] - Initializing Spring DispatcherServlet 'dispatcherServlet'
2026-06-11 06:22:37.031 [http-nio-8080-exec-2] INFO  o.s.web.servlet.DispatcherServlet - Initializing Servlet 'dispatcherServlet'
2026-06-11 06:22:37.033 [http-nio-8080-exec-2] INFO  o.s.web.servlet.DispatcherServlet - Completed initialization in 2 ms
2026-06-11 06:22:37.064 [http-nio-8080-exec-1] DEBUG o.s.security.web.FilterChainProxy - Securing OPTIONS /api/v1/categories?page=1&limit=100
2026-06-11 06:22:37.064 [http-nio-8080-exec-2] DEBUG o.s.security.web.FilterChainProxy - Securing OPTIONS /api/v1/products?keyword=&category_id=0&page=0&limit=12
2026-06-11 06:22:37.097 [http-nio-8080-exec-4] DEBUG o.s.security.web.FilterChainProxy - Securing GET /api/v1/products?keyword=&category_id=0&page=0&limit=12
2026-06-11 06:22:37.097 [http-nio-8080-exec-5] DEBUG o.s.security.web.FilterChainProxy - Securing GET /api/v1/categories?page=1&limit=100
2026-06-11 06:22:37.108 [http-nio-8080-exec-5] DEBUG o.s.security.web.FilterChainProxy - Secured GET /api/v1/categories?page=1&limit=100
2026-06-11 06:22:37.108 [http-nio-8080-exec-4] DEBUG o.s.security.web.FilterChainProxy - Secured GET /api/v1/products?keyword=&category_id=0&page=0&limit=12
2026-06-11 06:22:37.153 [http-nio-8080-exec-4] INFO  c.p.s.controllers.ProductController - keyword = , category_id = 0, page = 0, limit = 12
2026-06-11 06:22:37.405 [http-nio-8080-exec-5] DEBUG o.s.s.w.a.AnonymousAuthenticationFilter - Set SecurityContextHolder to anonymous SecurityContext
2026-06-11 06:22:37.456 [http-nio-8080-exec-4] DEBUG o.s.s.w.a.AnonymousAuthenticationFilter - Set SecurityContextHolder to anonymous SecurityContext
2026-06-11 06:24:20.541 [http-nio-8080-exec-8] DEBUG o.s.security.web.FilterChainProxy - Securing OPTIONS /api/v1/categories?page=1&limit=100
2026-06-11 06:24:20.541 [http-nio-8080-exec-6] DEBUG o.s.security.web.FilterChainProxy - Securing OPTIONS /api/v1/products?keyword=&category_id=0&page=0&limit=12
2026-06-11 06:24:20.574 [http-nio-8080-exec-9] DEBUG o.s.security.web.FilterChainProxy - Securing GET /api/v1/categories?page=1&limit=100
2026-06-11 06:24:20.574 [http-nio-8080-exec-10] DEBUG o.s.security.web.FilterChainProxy - Securing GET /api/v1/products?keyword=&category_id=0&page=0&limit=12
2026-06-11 06:24:20.580 [http-nio-8080-exec-10] DEBUG o.s.security.web.FilterChainProxy - Secured GET /api/v1/products?keyword=&category_id=0&page=0&limit=12
2026-06-11 06:24:20.580 [http-nio-8080-exec-9] DEBUG o.s.security.web.FilterChainProxy - Secured GET /api/v1/categories?page=1&limit=100
2026-06-11 06:24:20.608 [http-nio-8080-exec-10] INFO  c.p.s.controllers.ProductController - keyword = , category_id = 0, page = 0, limit = 12
2026-06-11 06:24:20.675 [http-nio-8080-exec-9] DEBUG o.s.s.w.a.AnonymousAuthenticationFilter - Set SecurityContextHolder to anonymous SecurityContext
2026-06-11 06:24:20.725 [http-nio-8080-exec-10] DEBUG o.s.s.w.a.AnonymousAuthenticationFilter - Set SecurityContextHolder to anonymous SecurityContext
2026-06-11 06:24:26.353 [SpringApplicationShutdownHook] INFO  o.s.o.j.LocalContainerEntityManagerFactoryBean - Closing JPA EntityManagerFactory for persistence unit 'default'
2026-06-11 06:24:26.359 [SpringApplicationShutdownHook] INFO  com.zaxxer.hikari.HikariDataSource - HikariPool-1 - Shutdown initiated...
2026-06-11 06:24:26.376 [SpringApplicationShutdownHook] INFO  com.zaxxer.hikari.HikariDataSource - HikariPool-1 - Shutdown completed.
2026-06-11 06:24:29.711 [background-preinit] INFO  o.h.validator.internal.util.Version - HV000001: Hibernate Validator 8.0.1.Final
2026-06-11 06:24:29.780 [main] INFO  c.project.shopapp.ShopappApplication - Starting ShopappApplication using Java 17.0.18 with PID 24152 (E:\Downloads\New folder (2)\ShopAppProject-Angular\ShopApp-Backend\shopapp\shopapp\target\classes started by hieut in E:\Downloads\New folder (2)\ShopAppProject-Angular)
2026-06-11 06:24:29.781 [main] INFO  c.project.shopapp.ShopappApplication - No active profile set, falling back to 1 default profile: "default"
2026-06-11 06:24:31.114 [main] INFO  o.s.d.r.c.RepositoryConfigurationDelegate - Bootstrapping Spring Data JPA repositories in DEFAULT mode.
2026-06-11 06:24:31.257 [main] INFO  o.s.d.r.c.RepositoryConfigurationDelegate - Finished Spring Data repository scanning in 129 ms. Found 7 JPA repository interfaces.
2026-06-11 06:24:32.451 [main] INFO  o.s.b.w.e.tomcat.TomcatWebServer - Tomcat initialized with port 8080 (http)
2026-06-11 06:24:32.472 [main] INFO  o.a.coyote.http11.Http11NioProtocol - Initializing ProtocolHandler ["http-nio-8080"]
2026-06-11 06:24:32.475 [main] INFO  o.a.catalina.core.StandardService - Starting service [Tomcat]
2026-06-11 06:24:32.475 [main] INFO  o.a.catalina.core.StandardEngine - Starting Servlet engine: [Apache Tomcat/10.1.18]
2026-06-11 06:24:32.582 [main] INFO  o.a.c.c.C.[Tomcat].[localhost].[/] - Initializing Spring embedded WebApplicationContext
2026-06-11 06:24:32.584 [main] INFO  o.s.b.w.s.c.ServletWebServerApplicationContext - Root WebApplicationContext: initialization completed in 2741 ms
2026-06-11 06:24:32.813 [main] INFO  o.h.jpa.internal.util.LogHelper - HHH000204: Processing PersistenceUnitInfo [name: default]
2026-06-11 06:24:32.917 [main] INFO  org.hibernate.Version - HHH000412: Hibernate ORM core version 6.4.1.Final
2026-06-11 06:24:32.989 [main] INFO  o.h.c.i.RegionFactoryInitiator - HHH000026: Second-level cache disabled
2026-06-11 06:24:33.349 [main] INFO  o.s.o.j.p.SpringPersistenceUnitInfo - No LoadTimeWeaver setup: ignoring JPA class transformer
2026-06-11 06:24:33.398 [main] INFO  com.zaxxer.hikari.HikariDataSource - HikariPool-1 - Starting...
2026-06-11 06:24:33.652 [main] INFO  com.zaxxer.hikari.pool.HikariPool - HikariPool-1 - Added connection com.mysql.cj.jdbc.ConnectionImpl@18b40fe6
2026-06-11 06:24:33.654 [main] INFO  com.zaxxer.hikari.HikariDataSource - HikariPool-1 - Start completed.
2026-06-11 06:24:33.726 [main] WARN  org.hibernate.dialect.Dialect - HHH000511: The 5.5.0 version for [org.hibernate.dialect.MySQLDialect] is no longer supported, hence certain features may not work properly. The minimum supported version is 8.0.0. Check the community dialects project for available legacy versions.
2026-06-11 06:24:35.063 [main] INFO  o.h.e.t.j.p.i.JtaPlatformInitiator - HHH000489: No JTA platform available (set 'hibernate.transaction.jta.platform' to enable JTA platform integration)
2026-06-11 06:24:35.065 [main] INFO  o.s.o.j.LocalContainerEntityManagerFactoryBean - Initialized JPA EntityManagerFactory for persistence unit 'default'
2026-06-11 06:24:35.550 [main] WARN  o.s.b.a.o.j.JpaBaseConfiguration$JpaWebConfiguration - spring.jpa.open-in-view is enabled by default. Therefore, database queries may be performed during view rendering. Explicitly configure spring.jpa.open-in-view to disable this warning
2026-06-11 06:24:35.694 [main] INFO  o.s.d.j.r.query.QueryEnhancerFactory - Hibernate is in classpath; If applicable, HQL parser will be used.
2026-06-11 06:24:36.741 [main] INFO  o.s.s.web.DefaultSecurityFilterChain - Will secure any request with [org.springframework.security.web.session.DisableEncodeUrlFilter@47609e3d, org.springframework.security.web.context.request.async.WebAsyncManagerIntegrationFilter@7555782c, org.springframework.security.web.context.SecurityContextHolderFilter@403ca4ec, org.springframework.security.web.header.HeaderWriterFilter@373efaa2, org.springframework.web.filter.CorsFilter@3aca7082, org.springframework.security.web.authentication.logout.LogoutFilter@40503088, com.project.shopapp.filters.JwtTokenFilter@563bd6a4, org.springframework.security.web.savedrequest.RequestCacheAwareFilter@465b16bb, org.springframework.security.web.servletapi.SecurityContextHolderAwareRequestFilter@45e1d6a5, org.springframework.security.web.authentication.AnonymousAuthenticationFilter@72b92ce6, org.springframework.security.web.access.ExceptionTranslationFilter@faa70af, org.springframework.security.web.access.intercept.AuthorizationFilter@5de25642]
2026-06-11 06:24:37.186 [main] INFO  o.a.coyote.http11.Http11NioProtocol - Starting ProtocolHandler ["http-nio-8080"]
2026-06-11 06:24:37.222 [main] INFO  o.s.b.w.e.tomcat.TomcatWebServer - Tomcat started on port 8080 (http) with context path ''
2026-06-11 06:24:37.236 [main] INFO  c.project.shopapp.ShopappApplication - Started ShopappApplication in 8.053 seconds (process running for 9.428)
2026-06-11 06:24:45.702 [http-nio-8080-exec-1] INFO  o.a.c.c.C.[Tomcat].[localhost].[/] - Initializing Spring DispatcherServlet 'dispatcherServlet'
2026-06-11 06:24:45.702 [http-nio-8080-exec-1] INFO  o.s.web.servlet.DispatcherServlet - Initializing Servlet 'dispatcherServlet'
2026-06-11 06:24:45.704 [http-nio-8080-exec-1] INFO  o.s.web.servlet.DispatcherServlet - Completed initialization in 1 ms
2026-06-11 06:24:45.729 [http-nio-8080-exec-3] DEBUG o.s.security.web.FilterChainProxy - Securing OPTIONS /api/v1/categories?page=1&limit=100
2026-06-11 06:24:45.729 [http-nio-8080-exec-1] DEBUG o.s.security.web.FilterChainProxy - Securing OPTIONS /api/v1/products?keyword=&category_id=0&page=0&limit=12
2026-06-11 06:24:45.756 [http-nio-8080-exec-2] DEBUG o.s.security.web.FilterChainProxy - Securing GET /api/v1/products?keyword=&category_id=0&page=0&limit=12
2026-06-11 06:24:45.756 [http-nio-8080-exec-4] DEBUG o.s.security.web.FilterChainProxy - Securing GET /api/v1/categories?page=1&limit=100
2026-06-11 06:24:45.768 [http-nio-8080-exec-2] DEBUG o.s.security.web.FilterChainProxy - Secured GET /api/v1/products?keyword=&category_id=0&page=0&limit=12
2026-06-11 06:24:45.768 [http-nio-8080-exec-4] DEBUG o.s.security.web.FilterChainProxy - Secured GET /api/v1/categories?page=1&limit=100
2026-06-11 06:24:45.812 [http-nio-8080-exec-2] INFO  c.p.s.controllers.ProductController - keyword = , category_id = 0, page = 0, limit = 12
2026-06-11 06:24:46.081 [http-nio-8080-exec-4] DEBUG o.s.s.w.a.AnonymousAuthenticationFilter - Set SecurityContextHolder to anonymous SecurityContext
2026-06-11 06:24:46.125 [http-nio-8080-exec-2] DEBUG o.s.s.w.a.AnonymousAuthenticationFilter - Set SecurityContextHolder to anonymous SecurityContext
2026-06-11 06:24:50.394 [http-nio-8080-exec-5] DEBUG o.s.security.web.FilterChainProxy - Securing OPTIONS /api/v1/products/1
2026-06-11 06:24:50.400 [http-nio-8080-exec-6] DEBUG o.s.security.web.FilterChainProxy - Securing GET /api/v1/products/1
2026-06-11 06:24:50.402 [http-nio-8080-exec-6] DEBUG o.s.security.web.FilterChainProxy - Secured GET /api/v1/products/1
2026-06-11 06:24:50.424 [http-nio-8080-exec-6] DEBUG o.s.s.w.a.AnonymousAuthenticationFilter - Set SecurityContextHolder to anonymous SecurityContext
2026-06-11 06:24:53.908 [http-nio-8080-exec-8] DEBUG o.s.security.web.FilterChainProxy - Securing OPTIONS /api/v1/categories?page=1&limit=100
2026-06-11 06:24:53.908 [http-nio-8080-exec-7] DEBUG o.s.security.web.FilterChainProxy - Securing OPTIONS /api/v1/products?keyword=&category_id=0&page=0&limit=12
2026-06-11 06:24:53.915 [http-nio-8080-exec-9] DEBUG o.s.security.web.FilterChainProxy - Securing GET /api/v1/categories?page=1&limit=100
2026-06-11 06:24:53.915 [http-nio-8080-exec-10] DEBUG o.s.security.web.FilterChainProxy - Securing GET /api/v1/products?keyword=&category_id=0&page=0&limit=12
2026-06-11 06:24:53.919 [http-nio-8080-exec-9] DEBUG o.s.security.web.FilterChainProxy - Secured GET /api/v1/categories?page=1&limit=100
2026-06-11 06:24:53.920 [http-nio-8080-exec-10] DEBUG o.s.security.web.FilterChainProxy - Secured GET /api/v1/products?keyword=&category_id=0&page=0&limit=12
2026-06-11 06:24:53.926 [http-nio-8080-exec-10] INFO  c.p.s.controllers.ProductController - keyword = , category_id = 0, page = 0, limit = 12
2026-06-11 06:24:53.941 [http-nio-8080-exec-9] DEBUG o.s.s.w.a.AnonymousAuthenticationFilter - Set SecurityContextHolder to anonymous SecurityContext
2026-06-11 06:24:53.992 [http-nio-8080-exec-10] DEBUG o.s.s.w.a.AnonymousAuthenticationFilter - Set SecurityContextHolder to anonymous SecurityContext
2026-06-11 06:35:51.020 [SpringApplicationShutdownHook] INFO  o.s.o.j.LocalContainerEntityManagerFactoryBean - Closing JPA EntityManagerFactory for persistence unit 'default'
2026-06-11 06:35:51.099 [SpringApplicationShutdownHook] INFO  com.zaxxer.hikari.HikariDataSource - HikariPool-1 - Shutdown initiated...
2026-06-11 06:35:51.215 [SpringApplicationShutdownHook] INFO  com.zaxxer.hikari.HikariDataSource - HikariPool-1 - Shutdown completed.
2026-06-11 06:36:01.846 [background-preinit] INFO  o.h.validator.internal.util.Version - HV000001: Hibernate Validator 8.0.1.Final
2026-06-11 06:36:01.921 [main] INFO  c.project.shopapp.ShopappApplication - Starting ShopappApplication using Java 17.0.18 with PID 8760 (E:\Downloads\New folder (2)\ShopAppProject-Angular\ShopApp-Backend\shopapp\shopapp\target\classes started by hieut in E:\Downloads\New folder (2)\ShopAppProject-Angular)
2026-06-11 06:36:01.923 [main] INFO  c.project.shopapp.ShopappApplication - No active profile set, falling back to 1 default profile: "default"
2026-06-11 06:36:03.373 [main] INFO  o.s.d.r.c.RepositoryConfigurationDelegate - Bootstrapping Spring Data JPA repositories in DEFAULT mode.
2026-06-11 06:36:03.521 [main] INFO  o.s.d.r.c.RepositoryConfigurationDelegate - Finished Spring Data repository scanning in 134 ms. Found 7 JPA repository interfaces.
2026-06-11 06:36:05.467 [main] INFO  o.s.b.w.e.tomcat.TomcatWebServer - Tomcat initialized with port 8080 (http)
2026-06-11 06:36:05.494 [main] INFO  o.a.coyote.http11.Http11NioProtocol - Initializing ProtocolHandler ["http-nio-8080"]
2026-06-11 06:36:05.500 [main] INFO  o.a.catalina.core.StandardService - Starting service [Tomcat]
2026-06-11 06:36:05.501 [main] INFO  o.a.catalina.core.StandardEngine - Starting Servlet engine: [Apache Tomcat/10.1.18]
2026-06-11 06:36:05.678 [main] INFO  o.a.c.c.C.[Tomcat].[localhost].[/] - Initializing Spring embedded WebApplicationContext
2026-06-11 06:36:05.681 [main] INFO  o.s.b.w.s.c.ServletWebServerApplicationContext - Root WebApplicationContext: initialization completed in 3673 ms
2026-06-11 06:36:05.953 [main] INFO  o.h.jpa.internal.util.LogHelper - HHH000204: Processing PersistenceUnitInfo [name: default]
2026-06-11 06:36:06.099 [main] INFO  org.hibernate.Version - HHH000412: Hibernate ORM core version 6.4.1.Final
2026-06-11 06:36:06.195 [main] INFO  o.h.c.i.RegionFactoryInitiator - HHH000026: Second-level cache disabled
2026-06-11 06:36:06.593 [main] INFO  o.s.o.j.p.SpringPersistenceUnitInfo - No LoadTimeWeaver setup: ignoring JPA class transformer
2026-06-11 06:36:06.642 [main] INFO  com.zaxxer.hikari.HikariDataSource - HikariPool-1 - Starting...
2026-06-11 06:36:06.947 [main] INFO  com.zaxxer.hikari.pool.HikariPool - HikariPool-1 - Added connection com.mysql.cj.jdbc.ConnectionImpl@25109608
2026-06-11 06:36:06.949 [main] INFO  com.zaxxer.hikari.HikariDataSource - HikariPool-1 - Start completed.
2026-06-11 06:36:07.045 [main] WARN  org.hibernate.dialect.Dialect - HHH000511: The 5.5.0 version for [org.hibernate.dialect.MySQLDialect] is no longer supported, hence certain features may not work properly. The minimum supported version is 8.0.0. Check the community dialects project for available legacy versions.
2026-06-11 06:36:08.637 [main] INFO  o.h.e.t.j.p.i.JtaPlatformInitiator - HHH000489: No JTA platform available (set 'hibernate.transaction.jta.platform' to enable JTA platform integration)
2026-06-11 06:36:08.640 [main] INFO  o.s.o.j.LocalContainerEntityManagerFactoryBean - Initialized JPA EntityManagerFactory for persistence unit 'default'
2026-06-11 06:36:09.215 [main] WARN  o.s.b.a.o.j.JpaBaseConfiguration$JpaWebConfiguration - spring.jpa.open-in-view is enabled by default. Therefore, database queries may be performed during view rendering. Explicitly configure spring.jpa.open-in-view to disable this warning
2026-06-11 06:36:09.370 [main] INFO  o.s.d.j.r.query.QueryEnhancerFactory - Hibernate is in classpath; If applicable, HQL parser will be used.
2026-06-11 06:36:10.495 [main] INFO  o.s.s.web.DefaultSecurityFilterChain - Will secure any request with [org.springframework.security.web.session.DisableEncodeUrlFilter@31ebc5fa, org.springframework.security.web.context.request.async.WebAsyncManagerIntegrationFilter@6f215ff3, org.springframework.security.web.context.SecurityContextHolderFilter@60df0131, org.springframework.security.web.header.HeaderWriterFilter@17bda3, org.springframework.web.filter.CorsFilter@6066cf5, org.springframework.security.web.authentication.logout.LogoutFilter@2fdbd353, com.project.shopapp.filters.JwtTokenFilter@49c555c3, org.springframework.security.web.savedrequest.RequestCacheAwareFilter@43e869ea, org.springframework.security.web.servletapi.SecurityContextHolderAwareRequestFilter@8f7cbcc, org.springframework.security.web.authentication.AnonymousAuthenticationFilter@3d63becf, org.springframework.security.web.access.ExceptionTranslationFilter@213451a4, org.springframework.security.web.access.intercept.AuthorizationFilter@3aca7082]
2026-06-11 06:36:10.847 [main] INFO  o.a.coyote.http11.Http11NioProtocol - Starting ProtocolHandler ["http-nio-8080"]
2026-06-11 06:36:10.877 [main] INFO  o.s.b.w.e.tomcat.TomcatWebServer - Tomcat started on port 8080 (http) with context path ''
2026-06-11 06:36:10.888 [main] INFO  c.project.shopapp.ShopappApplication - Started ShopappApplication in 9.599 seconds (process running for 10.655)
2026-06-11 06:36:58.248 [http-nio-8080-exec-1] INFO  o.a.c.c.C.[Tomcat].[localhost].[/] - Initializing Spring DispatcherServlet 'dispatcherServlet'
2026-06-11 06:36:58.249 [http-nio-8080-exec-1] INFO  o.s.web.servlet.DispatcherServlet - Initializing Servlet 'dispatcherServlet'
2026-06-11 06:36:58.250 [http-nio-8080-exec-1] INFO  o.s.web.servlet.DispatcherServlet - Completed initialization in 1 ms
2026-06-11 06:36:58.277 [http-nio-8080-exec-1] DEBUG o.s.security.web.FilterChainProxy - Securing OPTIONS /api/v1/products/8
2026-06-11 06:36:58.309 [http-nio-8080-exec-4] DEBUG o.s.security.web.FilterChainProxy - Securing GET /api/v1/products/8
2026-06-11 06:36:58.317 [http-nio-8080-exec-4] DEBUG o.s.security.web.FilterChainProxy - Secured GET /api/v1/products/8
2026-06-11 06:36:58.646 [http-nio-8080-exec-4] DEBUG o.s.s.w.a.AnonymousAuthenticationFilter - Set SecurityContextHolder to anonymous SecurityContext
2026-06-11 06:37:52.603 [http-nio-8080-exec-2] DEBUG o.s.security.web.FilterChainProxy - Securing OPTIONS /api/v1/products?keyword=&category_id=0&page=0&limit=12
2026-06-11 06:37:52.606 [http-nio-8080-exec-5] DEBUG o.s.security.web.FilterChainProxy - Securing OPTIONS /api/v1/categories?page=1&limit=100
2026-06-11 06:37:52.610 [http-nio-8080-exec-6] DEBUG o.s.security.web.FilterChainProxy - Securing GET /api/v1/products?keyword=&category_id=0&page=0&limit=12
2026-06-11 06:37:52.612 [http-nio-8080-exec-7] DEBUG o.s.security.web.FilterChainProxy - Securing GET /api/v1/categories?page=1&limit=100
2026-06-11 06:37:52.614 [http-nio-8080-exec-6] DEBUG o.s.security.web.FilterChainProxy - Secured GET /api/v1/products?keyword=&category_id=0&page=0&limit=12
2026-06-11 06:37:52.614 [http-nio-8080-exec-7] DEBUG o.s.security.web.FilterChainProxy - Secured GET /api/v1/categories?page=1&limit=100
2026-06-11 06:37:52.631 [http-nio-8080-exec-6] INFO  c.p.s.controllers.ProductController - keyword = , category_id = 0, page = 0, limit = 12
2026-06-11 06:37:52.681 [http-nio-8080-exec-7] DEBUG o.s.s.w.a.AnonymousAuthenticationFilter - Set SecurityContextHolder to anonymous SecurityContext
2026-06-11 06:37:52.789 [http-nio-8080-exec-6] DEBUG o.s.s.w.a.AnonymousAuthenticationFilter - Set SecurityContextHolder to anonymous SecurityContext
2026-06-11 06:38:59.351 [http-nio-8080-exec-10] DEBUG o.s.security.web.FilterChainProxy - Securing OPTIONS /api/v1/products/by-ids?ids=1
2026-06-11 06:38:59.366 [http-nio-8080-exec-1] DEBUG o.s.security.web.FilterChainProxy - Securing GET /api/v1/products/by-ids?ids=1
2026-06-11 06:38:59.369 [http-nio-8080-exec-1] DEBUG o.s.security.web.FilterChainProxy - Secured GET /api/v1/products/by-ids?ids=1
2026-06-11 06:38:59.400 [http-nio-8080-exec-1] DEBUG o.s.s.w.a.AnonymousAuthenticationFilter - Set SecurityContextHolder to anonymous SecurityContext
2026-06-11 06:39:01.829 [http-nio-8080-exec-4] DEBUG o.s.security.web.FilterChainProxy - Securing OPTIONS /api/v1/products?keyword=&category_id=0&page=0&limit=12
2026-06-11 06:39:01.830 [http-nio-8080-exec-3] DEBUG o.s.security.web.FilterChainProxy - Securing OPTIONS /api/v1/categories?page=1&limit=100
2026-06-11 06:39:01.834 [http-nio-8080-exec-2] DEBUG o.s.security.web.FilterChainProxy - Securing GET /api/v1/products?keyword=&category_id=0&page=0&limit=12
2026-06-11 06:39:01.836 [http-nio-8080-exec-2] DEBUG o.s.security.web.FilterChainProxy - Secured GET /api/v1/products?keyword=&category_id=0&page=0&limit=12
2026-06-11 06:39:01.836 [http-nio-8080-exec-5] DEBUG o.s.security.web.FilterChainProxy - Securing GET /api/v1/categories?page=1&limit=100
2026-06-11 06:39:01.837 [http-nio-8080-exec-5] DEBUG o.s.security.web.FilterChainProxy - Secured GET /api/v1/categories?page=1&limit=100
2026-06-11 06:39:01.838 [http-nio-8080-exec-2] INFO  c.p.s.controllers.ProductController - keyword = , category_id = 0, page = 0, limit = 12
2026-06-11 06:39:01.851 [http-nio-8080-exec-5] DEBUG o.s.s.w.a.AnonymousAuthenticationFilter - Set SecurityContextHolder to anonymous SecurityContext
2026-06-11 06:39:01.891 [http-nio-8080-exec-2] DEBUG o.s.s.w.a.AnonymousAuthenticationFilter - Set SecurityContextHolder to anonymous SecurityContext
2026-06-11 06:39:02.992 [http-nio-8080-exec-7] DEBUG o.s.security.web.FilterChainProxy - Securing GET /api/v1/products/by-ids?ids=1
2026-06-11 06:39:02.993 [http-nio-8080-exec-7] DEBUG o.s.security.web.FilterChainProxy - Secured GET /api/v1/products/by-ids?ids=1
2026-06-11 06:39:03.006 [http-nio-8080-exec-7] DEBUG o.s.s.w.a.AnonymousAuthenticationFilter - Set SecurityContextHolder to anonymous SecurityContext
2026-06-11 06:40:07.682 [http-nio-8080-exec-8] DEBUG o.s.security.web.FilterChainProxy - Securing GET /api/v1/products/images/Image_created_with_a_mobile_phone.png
2026-06-11 06:40:07.683 [http-nio-8080-exec-8] DEBUG o.s.security.web.FilterChainProxy - Secured GET /api/v1/products/images/Image_created_with_a_mobile_phone.png
2026-06-11 06:40:07.708 [http-nio-8080-exec-8] DEBUG o.s.s.w.a.AnonymousAuthenticationFilter - Set SecurityContextHolder to anonymous SecurityContext
2026-06-11 06:40:07.722 [http-nio-8080-exec-8] DEBUG o.s.security.web.FilterChainProxy - Securing GET /error
2026-06-11 06:40:07.724 [http-nio-8080-exec-8] DEBUG o.s.s.w.a.AnonymousAuthenticationFilter - Set SecurityContextHolder to anonymous SecurityContext
2026-06-11 06:40:07.848 [http-nio-8080-exec-8] DEBUG o.s.s.w.s.HttpSessionRequestCache - Saved request http://localhost:8080/error?continue to session
2026-06-11 06:40:07.849 [http-nio-8080-exec-8] DEBUG o.s.s.w.a.Http403ForbiddenEntryPoint - Pre-authenticated entry point called. Rejecting access
2026-06-11 06:40:15.099 [http-nio-8080-exec-10] DEBUG o.s.security.web.FilterChainProxy - Securing OPTIONS /api/v1/products/by-ids?ids=1
2026-06-11 06:40:15.103 [http-nio-8080-exec-1] DEBUG o.s.security.web.FilterChainProxy - Securing GET /api/v1/products/by-ids?ids=1
2026-06-11 06:40:15.105 [http-nio-8080-exec-1] DEBUG o.s.security.web.FilterChainProxy - Secured GET /api/v1/products/by-ids?ids=1
2026-06-11 06:40:15.118 [http-nio-8080-exec-1] DEBUG o.s.s.w.a.AnonymousAuthenticationFilter - Set SecurityContextHolder to anonymous SecurityContext
2026-06-11 06:40:18.050 [http-nio-8080-exec-4] DEBUG o.s.security.web.FilterChainProxy - Securing GET /api/v1/products/images/Image_created_with_a_mobile_phone.png
2026-06-11 06:40:18.051 [http-nio-8080-exec-4] DEBUG o.s.security.web.FilterChainProxy - Secured GET /api/v1/products/images/Image_created_with_a_mobile_phone.png
2026-06-11 06:40:18.056 [http-nio-8080-exec-4] DEBUG o.s.s.w.a.AnonymousAuthenticationFilter - Set SecurityContextHolder to anonymous SecurityContext
2026-06-11 06:40:18.057 [http-nio-8080-exec-4] DEBUG o.s.security.web.FilterChainProxy - Securing GET /error
2026-06-11 06:40:18.057 [http-nio-8080-exec-4] DEBUG o.s.s.w.a.AnonymousAuthenticationFilter - Set SecurityContextHolder to anonymous SecurityContext
2026-06-11 06:40:18.060 [http-nio-8080-exec-4] DEBUG o.s.s.w.s.HttpSessionRequestCache - Saved request http://localhost:8080/error?continue to session
2026-06-11 06:40:18.060 [http-nio-8080-exec-4] DEBUG o.s.s.w.a.Http403ForbiddenEntryPoint - Pre-authenticated entry point called. Rejecting access
2026-06-11 06:40:21.226 [http-nio-8080-exec-3] DEBUG o.s.security.web.FilterChainProxy - Securing GET /api/v1/products/images/Image_created_with_a_mobile_phone.png
2026-06-11 06:40:21.228 [http-nio-8080-exec-3] DEBUG o.s.security.web.FilterChainProxy - Secured GET /api/v1/products/images/Image_created_with_a_mobile_phone.png
2026-06-11 06:40:21.231 [http-nio-8080-exec-3] DEBUG o.s.s.w.a.AnonymousAuthenticationFilter - Set SecurityContextHolder to anonymous SecurityContext
2026-06-11 06:40:21.234 [http-nio-8080-exec-3] DEBUG o.s.security.web.FilterChainProxy - Securing GET /error
2026-06-11 06:40:21.234 [http-nio-8080-exec-3] DEBUG o.s.s.w.a.AnonymousAuthenticationFilter - Set SecurityContextHolder to anonymous SecurityContext
2026-06-11 06:40:21.237 [http-nio-8080-exec-3] DEBUG o.s.s.w.s.HttpSessionRequestCache - Saved request http://localhost:8080/error?continue to session
2026-06-11 06:40:21.237 [http-nio-8080-exec-3] DEBUG o.s.s.w.a.Http403ForbiddenEntryPoint - Pre-authenticated entry point called. Rejecting access
2026-06-11 06:40:54.140 [http-nio-8080-exec-5] DEBUG o.s.security.web.FilterChainProxy - Securing GET /api/v1/products/images/
2026-06-11 06:40:54.142 [http-nio-8080-exec-5] DEBUG o.s.s.w.a.AnonymousAuthenticationFilter - Set SecurityContextHolder to anonymous SecurityContext
2026-06-11 06:40:54.145 [http-nio-8080-exec-5] DEBUG o.s.s.w.s.HttpSessionRequestCache - Saved request http://localhost:8080/api/v1/products/images/?continue to session
2026-06-11 06:40:54.145 [http-nio-8080-exec-5] DEBUG o.s.s.w.a.Http403ForbiddenEntryPoint - Pre-authenticated entry point called. Rejecting access
2026-06-11 06:40:54.147 [http-nio-8080-exec-5] DEBUG o.s.security.web.FilterChainProxy - Securing GET /error
2026-06-11 06:40:54.148 [http-nio-8080-exec-5] DEBUG o.s.s.w.a.AnonymousAuthenticationFilter - Set SecurityContextHolder to anonymous SecurityContext
2026-06-11 06:40:54.149 [http-nio-8080-exec-5] DEBUG o.s.s.w.s.HttpSessionRequestCache - Saved request http://localhost:8080/error?continue to session
2026-06-11 06:40:54.149 [http-nio-8080-exec-5] DEBUG o.s.s.w.a.Http403ForbiddenEntryPoint - Pre-authenticated entry point called. Rejecting access
2026-06-11 06:41:03.898 [http-nio-8080-exec-2] DEBUG o.s.security.web.FilterChainProxy - Securing GET /api/v1/products/
2026-06-11 06:41:03.900 [http-nio-8080-exec-2] DEBUG o.s.s.w.a.AnonymousAuthenticationFilter - Set SecurityContextHolder to anonymous SecurityContext
2026-06-11 06:41:03.903 [http-nio-8080-exec-2] DEBUG o.s.s.w.s.HttpSessionRequestCache - Saved request http://localhost:8080/api/v1/products/?continue to session
2026-06-11 06:41:03.903 [http-nio-8080-exec-2] DEBUG o.s.s.w.a.Http403ForbiddenEntryPoint - Pre-authenticated entry point called. Rejecting access
2026-06-11 06:41:03.904 [http-nio-8080-exec-2] DEBUG o.s.security.web.FilterChainProxy - Securing GET /error
2026-06-11 06:41:03.905 [http-nio-8080-exec-2] DEBUG o.s.s.w.a.AnonymousAuthenticationFilter - Set SecurityContextHolder to anonymous SecurityContext
2026-06-11 06:41:03.907 [http-nio-8080-exec-2] DEBUG o.s.s.w.s.HttpSessionRequestCache - Saved request http://localhost:8080/error?continue to session
2026-06-11 06:41:03.908 [http-nio-8080-exec-2] DEBUG o.s.s.w.a.Http403ForbiddenEntryPoint - Pre-authenticated entry point called. Rejecting access
2026-06-11 12:21:17.267 [HikariPool-1 housekeeper] WARN  com.zaxxer.hikari.pool.HikariPool - HikariPool-1 - Thread starvation or clock leap detected (housekeeper delta=5h39m10s90ms317µs700ns).
2026-06-11 12:21:34.138 [http-nio-8080-exec-1] DEBUG o.s.security.web.FilterChainProxy - Securing OPTIONS /api/v1/products?keyword=&category_id=0&page=0&limit=12
2026-06-11 12:21:34.138 [http-nio-8080-exec-4] DEBUG o.s.security.web.FilterChainProxy - Securing OPTIONS /api/v1/categories?page=1&limit=100
2026-06-11 12:21:34.221 [http-nio-8080-exec-4] DEBUG o.s.security.web.FilterChainProxy - Securing GET /api/v1/categories?page=1&limit=100
2026-06-11 12:21:34.234 [http-nio-8080-exec-5] DEBUG o.s.security.web.FilterChainProxy - Securing GET /api/v1/products?keyword=&category_id=0&page=0&limit=12
2026-06-11 12:21:34.239 [http-nio-8080-exec-4] DEBUG o.s.security.web.FilterChainProxy - Secured GET /api/v1/categories?page=1&limit=100
2026-06-11 12:21:34.239 [http-nio-8080-exec-5] DEBUG o.s.security.web.FilterChainProxy - Secured GET /api/v1/products?keyword=&category_id=0&page=0&limit=12
2026-06-11 12:21:34.331 [http-nio-8080-exec-5] INFO  c.p.s.controllers.ProductController - keyword = , category_id = 0, page = 0, limit = 12
2026-06-11 12:21:34.680 [http-nio-8080-exec-4] DEBUG o.s.s.w.a.AnonymousAuthenticationFilter - Set SecurityContextHolder to anonymous SecurityContext
2026-06-11 12:21:34.749 [http-nio-8080-exec-5] DEBUG o.s.s.w.a.AnonymousAuthenticationFilter - Set SecurityContextHolder to anonymous SecurityContext
2026-06-11 12:22:20.455 [SpringApplicationShutdownHook] INFO  o.s.o.j.LocalContainerEntityManagerFactoryBean - Closing JPA EntityManagerFactory for persistence unit 'default'
2026-06-11 12:22:20.490 [SpringApplicationShutdownHook] INFO  com.zaxxer.hikari.HikariDataSource - HikariPool-1 - Shutdown initiated...
2026-06-11 12:22:20.502 [SpringApplicationShutdownHook] INFO  com.zaxxer.hikari.HikariDataSource - HikariPool-1 - Shutdown completed.
2026-06-11 12:27:36.543 [background-preinit] INFO  o.h.validator.internal.util.Version - HV000001: Hibernate Validator 8.0.1.Final
2026-06-11 12:27:36.614 [main] INFO  c.project.shopapp.ShopappApplication - Starting ShopappApplication using Java 17.0.18 with PID 19628 (E:\Downloads\New folder (2)\ShopAppProject-Angular\ShopApp-Backend\shopapp\shopapp\target\classes started by hieut in E:\Downloads\New folder (2)\ShopAppProject-Angular)
2026-06-11 12:27:36.615 [main] INFO  c.project.shopapp.ShopappApplication - No active profile set, falling back to 1 default profile: "default"
2026-06-11 12:27:37.829 [main] INFO  o.s.d.r.c.RepositoryConfigurationDelegate - Bootstrapping Spring Data JPA repositories in DEFAULT mode.
2026-06-11 12:27:37.958 [main] INFO  o.s.d.r.c.RepositoryConfigurationDelegate - Finished Spring Data repository scanning in 114 ms. Found 7 JPA repository interfaces.
2026-06-11 12:27:39.251 [main] INFO  o.s.b.w.e.tomcat.TomcatWebServer - Tomcat initialized with port 8080 (http)
2026-06-11 12:27:39.277 [main] INFO  o.a.coyote.http11.Http11NioProtocol - Initializing ProtocolHandler ["http-nio-8080"]
2026-06-11 12:27:39.286 [main] INFO  o.a.catalina.core.StandardService - Starting service [Tomcat]
2026-06-11 12:27:39.286 [main] INFO  o.a.catalina.core.StandardEngine - Starting Servlet engine: [Apache Tomcat/10.1.18]
2026-06-11 12:27:39.452 [main] INFO  o.a.c.c.C.[Tomcat].[localhost].[/] - Initializing Spring embedded WebApplicationContext
2026-06-11 12:27:39.455 [main] INFO  o.s.b.w.s.c.ServletWebServerApplicationContext - Root WebApplicationContext: initialization completed in 2769 ms
2026-06-11 12:27:39.856 [main] INFO  o.h.jpa.internal.util.LogHelper - HHH000204: Processing PersistenceUnitInfo [name: default]
2026-06-11 12:27:40.014 [main] INFO  org.hibernate.Version - HHH000412: Hibernate ORM core version 6.4.1.Final
2026-06-11 12:27:40.169 [main] INFO  o.h.c.i.RegionFactoryInitiator - HHH000026: Second-level cache disabled
2026-06-11 12:27:40.704 [main] INFO  o.s.o.j.p.SpringPersistenceUnitInfo - No LoadTimeWeaver setup: ignoring JPA class transformer
2026-06-11 12:27:40.778 [main] INFO  com.zaxxer.hikari.HikariDataSource - HikariPool-1 - Starting...
2026-06-11 12:27:41.091 [main] INFO  com.zaxxer.hikari.pool.HikariPool - HikariPool-1 - Added connection com.mysql.cj.jdbc.ConnectionImpl@79cdf2d4
2026-06-11 12:27:41.096 [main] INFO  com.zaxxer.hikari.HikariDataSource - HikariPool-1 - Start completed.
2026-06-11 12:27:41.229 [main] WARN  org.hibernate.dialect.Dialect - HHH000511: The 5.5.0 version for [org.hibernate.dialect.MySQLDialect] is no longer supported, hence certain features may not work properly. The minimum supported version is 8.0.0. Check the community dialects project for available legacy versions.
2026-06-11 12:27:43.127 [main] INFO  o.h.e.t.j.p.i.JtaPlatformInitiator - HHH000489: No JTA platform available (set 'hibernate.transaction.jta.platform' to enable JTA platform integration)
2026-06-11 12:27:43.132 [main] INFO  o.s.o.j.LocalContainerEntityManagerFactoryBean - Initialized JPA EntityManagerFactory for persistence unit 'default'
2026-06-11 12:27:43.906 [main] WARN  o.s.b.a.o.j.JpaBaseConfiguration$JpaWebConfiguration - spring.jpa.open-in-view is enabled by default. Therefore, database queries may be performed during view rendering. Explicitly configure spring.jpa.open-in-view to disable this warning
2026-06-11 12:27:44.259 [main] INFO  o.s.d.j.r.query.QueryEnhancerFactory - Hibernate is in classpath; If applicable, HQL parser will be used.
2026-06-11 12:27:46.487 [main] INFO  o.s.s.web.DefaultSecurityFilterChain - Will secure any request with [org.springframework.security.web.session.DisableEncodeUrlFilter@3d63becf, org.springframework.security.web.context.request.async.WebAsyncManagerIntegrationFilter@5248688c, org.springframework.security.web.context.SecurityContextHolderFilter@8f7cbcc, org.springframework.security.web.header.HeaderWriterFilter@60df0131, org.springframework.web.filter.CorsFilter@37736bf1, org.springframework.security.web.authentication.logout.LogoutFilter@3d7fc4b3, com.project.shopapp.filters.JwtTokenFilter@3549c070, org.springframework.security.web.savedrequest.RequestCacheAwareFilter@fafbc63, org.springframework.security.web.servletapi.SecurityContextHolderAwareRequestFilter@f083345, org.springframework.security.web.authentication.AnonymousAuthenticationFilter@2a7c82e, org.springframework.security.web.access.ExceptionTranslationFilter@465b16bb, org.springframework.security.web.access.intercept.AuthorizationFilter@6f215ff3]
2026-06-11 12:27:47.160 [main] INFO  o.a.coyote.http11.Http11NioProtocol - Starting ProtocolHandler ["http-nio-8080"]
2026-06-11 12:27:47.215 [main] INFO  o.s.b.w.e.tomcat.TomcatWebServer - Tomcat started on port 8080 (http) with context path ''
2026-06-11 12:27:47.231 [main] INFO  c.project.shopapp.ShopappApplication - Started ShopappApplication in 11.186 seconds (process running for 12.222)
2026-06-11 12:28:33.070 [http-nio-8080-exec-2] INFO  o.a.c.c.C.[Tomcat].[localhost].[/] - Initializing Spring DispatcherServlet 'dispatcherServlet'
2026-06-11 12:28:33.071 [http-nio-8080-exec-2] INFO  o.s.web.servlet.DispatcherServlet - Initializing Servlet 'dispatcherServlet'
2026-06-11 12:28:33.072 [http-nio-8080-exec-2] INFO  o.s.web.servlet.DispatcherServlet - Completed initialization in 1 ms
2026-06-11 12:28:33.103 [http-nio-8080-exec-1] DEBUG o.s.security.web.FilterChainProxy - Securing OPTIONS /api/v1/categories?page=1&limit=100
2026-06-11 12:28:33.103 [http-nio-8080-exec-2] DEBUG o.s.security.web.FilterChainProxy - Securing OPTIONS /api/v1/products?keyword=&category_id=0&page=0&limit=12
2026-06-11 12:28:33.146 [http-nio-8080-exec-4] DEBUG o.s.security.web.FilterChainProxy - Securing GET /api/v1/products?keyword=&category_id=0&page=0&limit=12
2026-06-11 12:28:33.146 [http-nio-8080-exec-3] DEBUG o.s.security.web.FilterChainProxy - Securing GET /api/v1/categories?page=1&limit=100
2026-06-11 12:28:33.157 [http-nio-8080-exec-3] DEBUG o.s.security.web.FilterChainProxy - Secured GET /api/v1/categories?page=1&limit=100
2026-06-11 12:28:33.157 [http-nio-8080-exec-4] DEBUG o.s.security.web.FilterChainProxy - Secured GET /api/v1/products?keyword=&category_id=0&page=0&limit=12
2026-06-11 12:28:33.231 [http-nio-8080-exec-4] INFO  c.p.s.controllers.ProductController - keyword = , category_id = 0, page = 0, limit = 12
2026-06-11 12:28:33.663 [http-nio-8080-exec-3] DEBUG o.s.s.w.a.AnonymousAuthenticationFilter - Set SecurityContextHolder to anonymous SecurityContext
2026-06-11 12:28:33.721 [http-nio-8080-exec-4] DEBUG o.s.s.w.a.AnonymousAuthenticationFilter - Set SecurityContextHolder to anonymous SecurityContext
2026-06-11 12:28:40.493 [http-nio-8080-exec-6] DEBUG o.s.security.web.FilterChainProxy - Securing OPTIONS /api/v1/products/2
2026-06-11 12:28:40.501 [http-nio-8080-exec-5] DEBUG o.s.security.web.FilterChainProxy - Securing GET /api/v1/products/2
2026-06-11 12:28:40.502 [http-nio-8080-exec-5] DEBUG o.s.security.web.FilterChainProxy - Secured GET /api/v1/products/2
2026-06-11 12:28:40.531 [http-nio-8080-exec-5] DEBUG o.s.s.w.a.AnonymousAuthenticationFilter - Set SecurityContextHolder to anonymous SecurityContext
2026-06-11 12:29:29.923 [http-nio-8080-exec-7] DEBUG o.s.security.web.FilterChainProxy - Securing OPTIONS /api/v1/products/by-ids?ids=1,2
2026-06-11 12:29:29.930 [http-nio-8080-exec-8] DEBUG o.s.security.web.FilterChainProxy - Securing GET /api/v1/products/by-ids?ids=1,2
2026-06-11 12:29:29.931 [http-nio-8080-exec-8] DEBUG o.s.security.web.FilterChainProxy - Secured GET /api/v1/products/by-ids?ids=1,2
2026-06-11 12:29:29.961 [http-nio-8080-exec-8] DEBUG o.s.s.w.a.AnonymousAuthenticationFilter - Set SecurityContextHolder to anonymous SecurityContext
2026-06-11 12:29:43.227 [http-nio-8080-exec-10] DEBUG o.s.security.web.FilterChainProxy - Securing OPTIONS /api/v1/products?keyword=&category_id=0&page=0&limit=12
2026-06-11 12:29:43.228 [http-nio-8080-exec-2] DEBUG o.s.security.web.FilterChainProxy - Securing OPTIONS /api/v1/categories?page=1&limit=100
2026-06-11 12:29:43.233 [http-nio-8080-exec-1] DEBUG o.s.security.web.FilterChainProxy - Securing GET /api/v1/products?keyword=&category_id=0&page=0&limit=12
2026-06-11 12:29:43.233 [http-nio-8080-exec-3] DEBUG o.s.security.web.FilterChainProxy - Securing GET /api/v1/categories?page=1&limit=100
2026-06-11 12:29:43.235 [http-nio-8080-exec-1] DEBUG o.s.security.web.FilterChainProxy - Secured GET /api/v1/products?keyword=&category_id=0&page=0&limit=12
2026-06-11 12:29:43.235 [http-nio-8080-exec-3] DEBUG o.s.security.web.FilterChainProxy - Secured GET /api/v1/categories?page=1&limit=100
2026-06-11 12:29:43.238 [http-nio-8080-exec-1] INFO  c.p.s.controllers.ProductController - keyword = , category_id = 0, page = 0, limit = 12
2026-06-11 12:29:43.250 [http-nio-8080-exec-3] DEBUG o.s.s.w.a.AnonymousAuthenticationFilter - Set SecurityContextHolder to anonymous SecurityContext
2026-06-11 12:29:43.292 [http-nio-8080-exec-1] DEBUG o.s.s.w.a.AnonymousAuthenticationFilter - Set SecurityContextHolder to anonymous SecurityContext
2026-06-11 12:29:44.983 [http-nio-8080-exec-4] DEBUG o.s.security.web.FilterChainProxy - Securing OPTIONS /api/v1/products/by-ids?ids=1,2
2026-06-11 12:29:44.989 [http-nio-8080-exec-6] DEBUG o.s.security.web.FilterChainProxy - Securing GET /api/v1/products/by-ids?ids=1,2
2026-06-11 12:29:44.990 [http-nio-8080-exec-6] DEBUG o.s.security.web.FilterChainProxy - Secured GET /api/v1/products/by-ids?ids=1,2
2026-06-11 12:29:45.008 [http-nio-8080-exec-6] DEBUG o.s.s.w.a.AnonymousAuthenticationFilter - Set SecurityContextHolder to anonymous SecurityContext
2026-06-11 12:29:46.289 [http-nio-8080-exec-7] DEBUG o.s.security.web.FilterChainProxy - Securing GET /api/v1/categories?page=1&limit=100
2026-06-11 12:29:46.289 [http-nio-8080-exec-5] DEBUG o.s.security.web.FilterChainProxy - Securing GET /api/v1/products?keyword=&category_id=0&page=0&limit=12
2026-06-11 12:29:46.292 [http-nio-8080-exec-5] DEBUG o.s.security.web.FilterChainProxy - Secured GET /api/v1/products?keyword=&category_id=0&page=0&limit=12
2026-06-11 12:29:46.292 [http-nio-8080-exec-7] DEBUG o.s.security.web.FilterChainProxy - Secured GET /api/v1/categories?page=1&limit=100
2026-06-11 12:29:46.293 [http-nio-8080-exec-5] INFO  c.p.s.controllers.ProductController - keyword = , category_id = 0, page = 0, limit = 12
2026-06-11 12:29:46.306 [http-nio-8080-exec-7] DEBUG o.s.s.w.a.AnonymousAuthenticationFilter - Set SecurityContextHolder to anonymous SecurityContext
2026-06-11 12:29:46.343 [http-nio-8080-exec-5] DEBUG o.s.s.w.a.AnonymousAuthenticationFilter - Set SecurityContextHolder to anonymous SecurityContext
2026-06-11 12:31:00.766 [http-nio-8080-exec-10] DEBUG o.s.security.web.FilterChainProxy - Securing GET /api/v1/products/images/Image_created_with_a_mobile_phone.png
2026-06-11 12:31:00.768 [http-nio-8080-exec-10] DEBUG o.s.security.web.FilterChainProxy - Secured GET /api/v1/products/images/Image_created_with_a_mobile_phone.png
2026-06-11 12:31:00.873 [http-nio-8080-exec-10] DEBUG o.s.s.w.a.AnonymousAuthenticationFilter - Set SecurityContextHolder to anonymous SecurityContext
2026-06-11 12:31:01.601 [http-nio-8080-exec-2] DEBUG o.s.security.web.FilterChainProxy - Securing GET /favicon.ico
2026-06-11 12:31:01.619 [http-nio-8080-exec-2] DEBUG o.s.security.web.FilterChainProxy - Securing GET /error
2026-06-11 12:31:01.621 [http-nio-8080-exec-2] DEBUG o.s.s.w.a.AnonymousAuthenticationFilter - Set SecurityContextHolder to anonymous SecurityContext
2026-06-11 12:31:01.737 [http-nio-8080-exec-2] DEBUG o.s.s.w.s.HttpSessionRequestCache - Saved request http://localhost:8080/error?continue to session
2026-06-11 12:31:01.738 [http-nio-8080-exec-2] DEBUG o.s.s.w.a.Http403ForbiddenEntryPoint - Pre-authenticated entry point called. Rejecting access
2026-06-11 13:13:32.143 [http-nio-8080-exec-4] DEBUG o.s.security.web.FilterChainProxy - Securing OPTIONS /api/v1/products?keyword=&category_id=0&page=0&limit=12
2026-06-11 13:13:32.186 [http-nio-8080-exec-6] DEBUG o.s.security.web.FilterChainProxy - Securing OPTIONS /api/v1/categories?page=1&limit=100
2026-06-11 13:13:33.196 [http-nio-8080-exec-7] DEBUG o.s.security.web.FilterChainProxy - Securing GET /api/v1/products?keyword=&category_id=0&page=0&limit=12
2026-06-11 13:13:33.318 [http-nio-8080-exec-7] DEBUG o.s.security.web.FilterChainProxy - Secured GET /api/v1/products?keyword=&category_id=0&page=0&limit=12
2026-06-11 13:13:33.410 [http-nio-8080-exec-5] DEBUG o.s.security.web.FilterChainProxy - Securing GET /api/v1/categories?page=1&limit=100
2026-06-11 13:13:33.517 [http-nio-8080-exec-5] DEBUG o.s.security.web.FilterChainProxy - Secured GET /api/v1/categories?page=1&limit=100
2026-06-11 13:13:33.804 [http-nio-8080-exec-7] INFO  c.p.s.controllers.ProductController - keyword = , category_id = 0, page = 0, limit = 12
2026-06-11 13:13:34.807 [http-nio-8080-exec-5] DEBUG o.s.s.w.a.AnonymousAuthenticationFilter - Set SecurityContextHolder to anonymous SecurityContext
2026-06-11 13:13:34.994 [http-nio-8080-exec-7] DEBUG o.s.s.w.a.AnonymousAuthenticationFilter - Set SecurityContextHolder to anonymous SecurityContext
2026-06-11 13:13:38.090 [HikariPool-1 housekeeper] WARN  com.zaxxer.hikari.pool.HikariPool - HikariPool-1 - Thread starvation or clock leap detected (housekeeper delta=18m26s480ms998µs700ns).
2026-06-11 14:35:53.084 [http-nio-8080-exec-10] DEBUG o.s.security.web.FilterChainProxy - Securing OPTIONS /api/v1/products?keyword=&category_id=0&page=0&limit=12
2026-06-11 14:35:53.084 [http-nio-8080-exec-2] DEBUG o.s.security.web.FilterChainProxy - Securing OPTIONS /api/v1/categories?page=1&limit=100
2026-06-11 14:35:54.006 [http-nio-8080-exec-4] DEBUG o.s.security.web.FilterChainProxy - Securing GET /api/v1/categories?page=1&limit=100
2026-06-11 14:35:54.032 [http-nio-8080-exec-6] DEBUG o.s.security.web.FilterChainProxy - Securing GET /api/v1/products?keyword=&category_id=0&page=0&limit=12
2026-06-11 14:35:54.168 [http-nio-8080-exec-6] DEBUG o.s.security.web.FilterChainProxy - Secured GET /api/v1/products?keyword=&category_id=0&page=0&limit=12
2026-06-11 14:35:54.168 [http-nio-8080-exec-4] DEBUG o.s.security.web.FilterChainProxy - Secured GET /api/v1/categories?page=1&limit=100
2026-06-11 14:35:54.600 [http-nio-8080-exec-6] INFO  c.p.s.controllers.ProductController - keyword = , category_id = 0, page = 0, limit = 12
2026-06-11 14:35:56.198 [http-nio-8080-exec-4] DEBUG o.s.s.w.a.AnonymousAuthenticationFilter - Set SecurityContextHolder to anonymous SecurityContext
2026-06-11 14:35:56.282 [http-nio-8080-exec-6] DEBUG o.s.s.w.a.AnonymousAuthenticationFilter - Set SecurityContextHolder to anonymous SecurityContext
2026-06-11 14:36:09.485 [HikariPool-1 housekeeper] WARN  com.zaxxer.hikari.pool.HikariPool - HikariPool-1 - Thread starvation or clock leap detected (housekeeper delta=8m30s277ms729µs900ns).
2026-06-11 14:41:00.970 [SpringApplicationShutdownHook] INFO  o.s.o.j.LocalContainerEntityManagerFactoryBean - Closing JPA EntityManagerFactory for persistence unit 'default'
2026-06-11 14:41:01.122 [SpringApplicationShutdownHook] INFO  com.zaxxer.hikari.HikariDataSource - HikariPool-1 - Shutdown initiated...
2026-06-11 14:41:01.183 [SpringApplicationShutdownHook] INFO  com.zaxxer.hikari.HikariDataSource - HikariPool-1 - Shutdown completed.
